...Successfully got an update from the "bitnami" chart repository
Update Complete. ⎈Happy Helming!⎈
NAME: nginx
LAST DEPLOYED: Sat Nov 12 16:17:58 2022
NAMESPACE: m
STATUS: deployed
REVISION: 1
TEST SUITE: None
NOTES:
The ingress-nginx controller has been installed.
Get the application URL by running these commands:
  export HTTP_NODE_PORT=$(kubectl --namespace m get services -o jsonpath="{.spec.ports[0].nodePort}" nginx-ingress-nginx-controller)
  export HTTPS_NODE_PORT=$(kubectl --namespace m get services -o jsonpath="{.spec.ports[1].nodePort}" nginx-ingress-nginx-controller)
  export NODE_IP=$(kubectl --namespace m get nodes -o jsonpath="{.items[0].status.addresses[1].address}")

  echo "Visit http://$NODE_IP:$HTTP_NODE_PORT to access your application via HTTP."
  echo "Visit https://$NODE_IP:$HTTPS_NODE_PORT to access your application via HTTPS."

An example Ingress that makes use of the controller:
  apiVersion: networking.k8s.io/v1
  kind: Ingress
  metadata:
    name: example
    namespace: foo
  spec:
    ingressClassName: nginx
    rules:
      - host: www.example.com
        http:
          paths:
            - pathType: Prefix
              backend:
                service:
                  name: exampleService
                  port:
                    number: 80
              path: /
    # This section is only required if TLS is to be enabled for the Ingress
    tls:
      - hosts:
        - www.example.com
        secretName: example-tls

If TLS is enabled for the Ingress, a Secret containing the certificate and key must also be provided:

  apiVersion: v1
  kind: Secret
  metadata:
    name: example-tls
    namespace: foo
  data:
    tls.crt: <base64 encoded cert>
    tls.key: <base64 encoded key>
  type: kubernetes.io/tls
